# JRE version: OpenJDK Runtime Environment Temurin-21.0.1+12 (21.0.1+12) (build 21.0.1+12-LTS)
# Java VM: OpenJDK 64-Bit Server VM Temurin-21.0.1+12 (21.0.1+12-LTS, mixed mode, sharing, tiered, compressed oops, compressed class ptrs, g1 gc, windows-amd64)
GC Precious Log:
 CardTable entry size: 512
 Card Set container configuration: InlinePtr #cards 4 size 8 Array Of Cards #cards 16 size 48 Howl #buckets 8 coarsen threshold 3686 Howl Bitmap #cards 512 size 80 coarsen threshold 460 Card regions per heap region 1 cards per card region 4096
 CPUs: 8 total, 8 available
 Memory: 16263M
 Large Page Support: Disabled
 NUMA Support: Disabled
 Compressed Oops: Enabled (Zero based)
 Heap Region Size: 2M
 Heap Min Capacity: 512M
 Heap Initial Capacity: 512M
 Heap Max Capacity: 4072M
 Pre-touch: Disabled
 Parallel Workers: 4
 Concurrent Workers: 1
 Concurrent Refinement Workers: 4
 Periodic GC: Disabled
 String Deduplication is enabled
Heap:
 garbage-first heap   total 524288K, used 111671K [0x0000000701800000, 0x0000000800000000)
  region size 2048K, 25 young (51200K), 5 survivors (10240K)
 Metaspace       used 57458K, committed 57920K, reserved 1114112K
  class space    used 7595K, committed 7808K, reserved 1048576K
GC Heap History (14 events):
Event: 13.215 GC heap before
{Heap before GC invocations=0 (full 0):
 garbage-first heap   total 524288K, used 81920K [0x0000000701800000, 0x0000000800000000)
  region size 2048K, 40 young (81920K), 0 survivors (0K)
 Metaspace       used 10030K, committed 10240K, reserved 1114112K
  class space    used 915K, committed 1024K, reserved 1048576K
}
Event: 13.231 GC heap after
{Heap after GC invocations=1 (full 0):
 garbage-first heap   total 524288K, used 20396K [0x0000000701800000, 0x0000000800000000)
  region size 2048K, 5 young (10240K), 5 survivors (10240K)
 Metaspace       used 10030K, committed 10240K, reserved 1114112K
  class space    used 915K, committed 1024K, reserved 1048576K
}
Event: 16.948 GC heap before
{Heap before GC invocations=1 (full 0):
 garbage-first heap   total 524288K, used 81836K [0x0000000701800000, 0x0000000800000000)
  region size 2048K, 34 young (69632K), 5 survivors (10240K)
 Metaspace       used 21335K, committed 21504K, reserved 1114112K
  class space    used 2161K, committed 2240K, reserved 1048576K
}
Event: 16.962 GC heap after
{Heap after GC invocations=2 (full 0):
 garbage-first heap   total 524288K, used 29874K [0x0000000701800000, 0x0000000800000000)
  region size 2048K, 5 young (10240K), 5 survivors (10240K)
 Metaspace       used 21335K, committed 21504K, reserved 1114112K
  class space    used 2161K, committed 2240K, reserved 1048576K
}
Event: 21.709 GC heap before
{Heap before GC invocations=3 (full 0):
 garbage-first heap   total 524288K, used 115890K [0x0000000701800000, 0x0000000800000000)
  region size 2048K, 27 young (55296K), 5 survivors (10240K)
 Metaspace       used 35914K, committed 36160K, reserved 1114112K
  class space    used 4224K, committed 4352K, reserved 1048576K
}
Event: 21.722 GC heap after
{Heap after GC invocations=4 (full 0):
 garbage-first heap   total 524288K, used 48400K [0x0000000701800000, 0x0000000800000000)
  region size 2048K, 4 young (8192K), 4 survivors (8192K)
 Metaspace       used 35914K, committed 36160K, reserved 1114112K
  class space    used 4224K, committed 4352K, reserved 1048576K
}
Event: 21.808 GC heap before
{Heap before GC invocations=4 (full 0):
 garbage-first heap   total 524288K, used 48400K [0x0000000701800000, 0x0000000800000000)
  region size 2048K, 5 young (10240K), 4 survivors (8192K)
 Metaspace       used 36227K, committed 36480K, reserved 1114112K
  class space    used 4279K, committed 4416K, reserved 1048576K
}
Event: 21.816 GC heap after
{Heap after GC invocations=5 (full 0):
 garbage-first heap   total 524288K, used 48999K [0x0000000701800000, 0x0000000800000000)
  region size 2048K, 1 young (2048K), 1 survivors (2048K)
 Metaspace       used 36227K, committed 36480K, reserved 1114112K
  class space    used 4279K, committed 4416K, reserved 1048576K
}
Event: 22.001 GC heap before
{Heap before GC invocations=5 (full 0):
 garbage-first heap   total 524288K, used 51047K [0x0000000701800000, 0x0000000800000000)
  region size 2048K, 3 young (6144K), 1 survivors (2048K)
 Metaspace       used 36507K, committed 36800K, reserved 1114112K
  class space    used 4315K, committed 4480K, reserved 1048576K
}
Event: 22.004 GC heap after
{Heap after GC invocations=6 (full 0):
 garbage-first heap   total 524288K, used 48881K [0x0000000701800000, 0x0000000800000000)
  region size 2048K, 1 young (2048K), 1 survivors (2048K)
 Metaspace       used 36507K, committed 36800K, reserved 1114112K
  class space    used 4315K, committed 4480K, reserved 1048576K
}
Event: 64.955 GC heap before
{Heap before GC invocations=7 (full 0):
 garbage-first heap   total 524288K, used 126705K [0x0000000701800000, 0x0000000800000000)
  region size 2048K, 40 young (81920K), 1 survivors (2048K)
 Metaspace       used 47097K, committed 47488K, reserved 1114112K
  class space    used 5917K, committed 6080K, reserved 1048576K
}
Event: 64.973 GC heap after
{Heap after GC invocations=8 (full 0):
 garbage-first heap   total 524288K, used 59768K [0x0000000701800000, 0x0000000800000000)
  region size 2048K, 5 young (10240K), 5 survivors (10240K)
 Metaspace       used 47097K, committed 47488K, reserved 1114112K
  class space    used 5917K, committed 6080K, reserved 1048576K
}
Event: 69.350 GC heap before
{Heap before GC invocations=8 (full 0):
 garbage-first heap   total 524288K, used 131448K [0x0000000701800000, 0x0000000800000000)
  region size 2048K, 40 young (81920K), 5 survivors (10240K)
 Metaspace       used 53836K, committed 54144K, reserved 1114112K
  class space    used 7067K, committed 7232K, reserved 1048576K
}
Event: 69.399 GC heap after
{Heap after GC invocations=9 (full 0):
 garbage-first heap   total 524288K, used 64567K [0x0000000701800000, 0x0000000800000000)
  region size 2048K, 5 young (10240K), 5 survivors (10240K)
 Metaspace       used 53836K, committed 54144K, reserved 1114112K
  class space    used 7067K, committed 7232K, reserved 1048576K
}

