# JRE version: OpenJDK Runtime Environment Temurin-21.0.1+12 (21.0.1+12) (build 21.0.1+12-LTS)
# Java VM: OpenJDK 64-Bit Server VM Temurin-21.0.1+12 (21.0.1+12-LTS, mixed mode, sharing, tiered, compressed oops, compressed class ptrs, g1 gc, windows-amd64)
GC Precious Log:
 CardTable entry size: 512
 Card Set container configuration: InlinePtr #cards 4 size 8 Array Of Cards #cards 16 size 48 Howl #buckets 8 coarsen threshold 3686 Howl Bitmap #cards 512 size 80 coarsen threshold 460 Card regions per heap region 1 cards per card region 4096
 CPUs: 8 total, 8 available
 Memory: 16263M
 Large Page Support: Disabled
 NUMA Support: Disabled
 Compressed Oops: Enabled (Zero based)
 Heap Region Size: 2M
 Heap Min Capacity: 512M
 Heap Initial Capacity: 512M
 Heap Max Capacity: 4072M
 Pre-touch: Disabled
 Parallel Workers: 4
 Concurrent Workers: 1
 Concurrent Refinement Workers: 4
 Periodic GC: Disabled
 String Deduplication is enabled
Heap:
 garbage-first heap   total 524288K, used 110516K [0x0000000701800000, 0x0000000800000000)
  region size 2048K, 25 young (51200K), 4 survivors (8192K)
 Metaspace       used 57466K, committed 57920K, reserved 1114112K
  class space    used 7592K, committed 7808K, reserved 1048576K
GC Heap History (14 events):
Event: 13.340 GC heap before
{Heap before GC invocations=0 (full 0):
 garbage-first heap   total 524288K, used 81920K [0x0000000701800000, 0x0000000800000000)
  region size 2048K, 40 young (81920K), 0 survivors (0K)
 Metaspace       used 10572K, committed 10752K, reserved 1114112K
  class space    used 971K, committed 1088K, reserved 1048576K
}
Event: 13.358 GC heap after
{Heap after GC invocations=1 (full 0):
 garbage-first heap   total 524288K, used 21012K [0x0000000701800000, 0x0000000800000000)
  region size 2048K, 5 young (10240K), 5 survivors (10240K)
 Metaspace       used 10572K, committed 10752K, reserved 1114112K
  class space    used 971K, committed 1088K, reserved 1048576K
}
Event: 16.949 GC heap before
{Heap before GC invocations=1 (full 0):
 garbage-first heap   total 524288K, used 82452K [0x0000000701800000, 0x0000000800000000)
  region size 2048K, 34 young (69632K), 5 survivors (10240K)
 Metaspace       used 21313K, committed 21504K, reserved 1114112K
  class space    used 2156K, committed 2240K, reserved 1048576K
}
Event: 16.964 GC heap after
{Heap after GC invocations=2 (full 0):
 garbage-first heap   total 524288K, used 29256K [0x0000000701800000, 0x0000000800000000)
  region size 2048K, 5 young (10240K), 5 survivors (10240K)
 Metaspace       used 21313K, committed 21504K, reserved 1114112K
  class space    used 2156K, committed 2240K, reserved 1048576K
}
Event: 21.681 GC heap before
{Heap before GC invocations=3 (full 0):
 garbage-first heap   total 524288K, used 117320K [0x0000000701800000, 0x0000000800000000)
  region size 2048K, 28 young (57344K), 5 survivors (10240K)
 Metaspace       used 35861K, committed 36160K, reserved 1114112K
  class space    used 4203K, committed 4352K, reserved 1048576K
}
Event: 21.693 GC heap after
{Heap after GC invocations=4 (full 0):
 garbage-first heap   total 524288K, used 48112K [0x0000000701800000, 0x0000000800000000)
  region size 2048K, 4 young (8192K), 4 survivors (8192K)
 Metaspace       used 35861K, committed 36160K, reserved 1114112K
  class space    used 4203K, committed 4352K, reserved 1048576K
}
Event: 21.784 GC heap before
{Heap before GC invocations=4 (full 0):
 garbage-first heap   total 524288K, used 48112K [0x0000000701800000, 0x0000000800000000)
  region size 2048K, 5 young (10240K), 4 survivors (8192K)
 Metaspace       used 36184K, committed 36480K, reserved 1114112K
  class space    used 4253K, committed 4416K, reserved 1048576K
}
Event: 21.795 GC heap after
{Heap after GC invocations=5 (full 0):
 garbage-first heap   total 524288K, used 49002K [0x0000000701800000, 0x0000000800000000)
  region size 2048K, 1 young (2048K), 1 survivors (2048K)
 Metaspace       used 36184K, committed 36480K, reserved 1114112K
  class space    used 4253K, committed 4416K, reserved 1048576K
}
Event: 22.001 GC heap before
{Heap before GC invocations=5 (full 0):
 garbage-first heap   total 524288K, used 51050K [0x0000000701800000, 0x0000000800000000)
  region size 2048K, 3 young (6144K), 1 survivors (2048K)
 Metaspace       used 36527K, committed 36800K, reserved 1114112K
  class space    used 4309K, committed 4480K, reserved 1048576K
}
Event: 22.004 GC heap after
{Heap after GC invocations=6 (full 0):
 garbage-first heap   total 524288K, used 48915K [0x0000000701800000, 0x0000000800000000)
  region size 2048K, 1 young (2048K), 1 survivors (2048K)
 Metaspace       used 36527K, committed 36800K, reserved 1114112K
  class space    used 4309K, committed 4480K, reserved 1048576K
}
Event: 64.927 GC heap before
{Heap before GC invocations=7 (full 0):
 garbage-first heap   total 524288K, used 126739K [0x0000000701800000, 0x0000000800000000)
  region size 2048K, 40 young (81920K), 1 survivors (2048K)
 Metaspace       used 47103K, committed 47488K, reserved 1114112K
  class space    used 5914K, committed 6144K, reserved 1048576K
}
Event: 64.940 GC heap after
{Heap after GC invocations=8 (full 0):
 garbage-first heap   total 524288K, used 59661K [0x0000000701800000, 0x0000000800000000)
  region size 2048K, 5 young (10240K), 5 survivors (10240K)
 Metaspace       used 47103K, committed 47488K, reserved 1114112K
  class space    used 5914K, committed 6144K, reserved 1048576K
}
Event: 68.943 GC heap before
{Heap before GC invocations=8 (full 0):
 garbage-first heap   total 524288K, used 131341K [0x0000000701800000, 0x0000000800000000)
  region size 2048K, 40 young (81920K), 5 survivors (10240K)
 Metaspace       used 53046K, committed 53376K, reserved 1114112K
  class space    used 6955K, committed 7104K, reserved 1048576K
}
Event: 68.969 GC heap after
{Heap after GC invocations=9 (full 0):
 garbage-first heap   total 524288K, used 63412K [0x0000000701800000, 0x0000000800000000)
  region size 2048K, 4 young (8192K), 4 survivors (8192K)
 Metaspace       used 53046K, committed 53376K, reserved 1114112K
  class space    used 6955K, committed 7104K, reserved 1048576K
}

